<?xml version="1.0" encoding="UTF-8"?>
<!-- Generated by org.testng.reporters.JUnitXMLReporter -->
<testsuite ignored="0" hostname="LAPTOP-91G5TLIB" failures="1" tests="3" name="API Tests" time="3.615" errors="0" timestamp="2026-06-21T00:04:04 IST">
  <testcase classname="api.tests.GetProductsTest" name="getProducts" time="1.92">
    <skipped/>
  </testcase> <!-- getProducts -->
  <testcase classname="api.tests.GetProductsTest" name="getProducts" time="0.557">
    <skipped/>
  </testcase> <!-- getProducts -->
  <testcase classname="api.tests.GetProductsTest" name="getProducts" time="1.126">
    <failure type="java.lang.IllegalArgumentException" message="Schema to use cannot be null">
      <![CDATA[java.lang.IllegalArgumentException: Schema to use cannot be null
at io.restassured.module.jsv.JsonSchemaValidator.validateSchemaIsNotNull(JsonSchemaValidator.java:270)
at io.restassured.module.jsv.JsonSchemaValidator.access$300(JsonSchemaValidator.java:75)
at io.restassured.module.jsv.JsonSchemaValidator$JsonSchemaValidatorFactory.create(JsonSchemaValidator.java:281)
at io.restassured.module.jsv.JsonSchemaValidator.matchesJsonSchema(JsonSchemaValidator.java:166)
at io.restassured.module.jsv.JsonSchemaValidator.matchesJsonSchemaInClasspath(JsonSchemaValidator.java:117)
at api.ApiValidator.ApiValidator.validateSchema(ApiValidator.java:115)
at api.tests.GetProductsTest.getProducts(GetProductsTest.java:31)
at java.base/java.util.concurrent.Executors$RunnableAdapter.call(Executors.java:545)
at java.base/java.util.concurrent.FutureTask.run(FutureTask.java:328)
at java.base/java.util.concurrent.ThreadPoolExecutor.runWorker(ThreadPoolExecutor.java:1090)
at java.base/java.util.concurrent.ThreadPoolExecutor$Worker.run(ThreadPoolExecutor.java:614)
at java.base/java.lang.Thread.run(Thread.java:1474)
... Removed 11 stack frames]]>
    </failure>
  </testcase> <!-- getProducts -->
</testsuite> <!-- API Tests -->
