<?xml version="1.0" encoding="UTF-8"?>
<!-- Generated by org.testng.reporters.JUnitXMLReporter -->
<testsuite ignored="0" hostname="LAPTOP-91G5TLIB" failures="0" tests="4" name="UI Tests" time="9.246" errors="0" timestamp="2026-06-21T00:04:00 IST">
  <testcase classname="tests.LoginTest" name="loginTest1" time="0.001"/>
  <testcase classname="tests.LoginTest" name="loginTest2" time="0.001"/>
  <testcase classname="tests.LoginTest" name="loginTest3" time="0.0"/>
  <testcase classname="tests.LoginTest" name="LoginTest" time="7.911"/>
</testsuite> <!-- UI Tests -->
