<?xml version="1.0" encoding="UTF-8"?>
<testsuite xmlns:xsi="http://www.w3.org/2001/XMLSchema-instance" xsi:noNamespaceSchemaLocation="https://maven.apache.org/surefire/maven-surefire-plugin/xsd/surefire-test-report.xsd" version="3.0.2" name="TestSuite" time="13.472" tests="7" errors="0" skipped="2" failures="1">
  <properties>
[...]
</properties>
  <testcase name="loginTest1" classname="tests.LoginTest" time="0.002">
    <system-out><![CDATA[Extent Listener Started
Extent Listener Started
Extent Listener Started
Extent Listener Started
Thread Id : 36
]]></system-out>
    <system-err><![CDATA[SLF4J(W): No SLF4J providers were found.
SLF4J(W): Defaulting to no-operation (NOP) logger implementation
SLF4J(W): See https://www.slf4j.org/codes.html#noProviders for further details.
Jun 21, 2026 12:03:52 AM org.openqa.selenium.devtools.CdpVersionFinder findNearestMatch
WARNING: Unable to find CDP implementation matching 149
Jun 21, 2026 12:03:52 AM org.openqa.selenium.devtools.CdpVersionFinder findNearestMatch
WARNING: Unable to find CDP implementation matching 149
Jun 21, 2026 12:03:52 AM org.openqa.selenium.devtools.CdpVersionFinder findNearestMatch
WARNING: Unable to find CDP implementation matching 149
Jun 21, 2026 12:03:52 AM org.openqa.selenium.chromium.ChromiumDriver lambda$new$4
WARNING: Unable to find version of CDP to use for 149.0.7827.103. You may need to include a dependency on a specific version of the CDP using something similar to `org.seleniumhq.selenium:selenium-devtools-v86:4.33.0` where the version ("v86") matches the version of the chromium-based browser you're using and the version number of the artifact is the same as Selenium's.
Jun 21, 2026 12:03:52 AM org.openqa.selenium.chromium.ChromiumDriver lambda$new$4
WARNING: Unable to find version of CDP to use for 149.0.7827.103. You may need to include a dependency on a specific version of the CDP using something similar to `org.seleniumhq.selenium:selenium-devtools-v86:4.33.0` where the version ("v86") matches the version of the chromium-based browser you're using and the version number of the artifact is the same as Selenium's.
Jun 21, 2026 12:03:52 AM org.openqa.selenium.chromium.ChromiumDriver lambda$new$4
WARNING: Unable to find version of CDP to use for 149.0.7827.103. You may need to include a dependency on a specific version of the CDP using something similar to `org.seleniumhq.selenium:selenium-devtools-v86:4.33.0` where the version ("v86") matches the version of the chromium-based browser you're using and the version number of the artifact is the same as Selenium's.
]]></system-err>
  </testcase>
  <testcase name="loginTest2" classname="tests.LoginTest" time="0.003">
    <system-out><![CDATA[Extent Listener Started
Extent Listener Started
Thread Id : 37
]]></system-out>
  </testcase>
  <testcase name="loginTest3" classname="tests.LoginTest" time="0.006">
    <system-out><![CDATA[00:03:52 [TestNG-test-UI Tests-1] INFO  utils.LoggerUtil - Framework Started
00:03:52 [TestNG-test-UI Tests-1] INFO  utils.LoggerUtil - Starting Login Test
Extent Listener Started
Extent Listener Started
Thread Id : 36
]]></system-out>
    <system-err><![CDATA[Jun 21, 2026 12:03:53 AM org.openqa.selenium.devtools.CdpVersionFinder findNearestMatch
WARNING: Unable to find CDP implementation matching 149
Jun 21, 2026 12:03:53 AM org.openqa.selenium.chromium.ChromiumDriver lambda$new$4
WARNING: Unable to find version of CDP to use for 149.0.7827.103. You may need to include a dependency on a specific version of the CDP using something similar to `org.seleniumhq.selenium:selenium-devtools-v86:4.33.0` where the version ("v86") matches the version of the chromium-based browser you're using and the version number of the artifact is the same as Selenium's.
]]></system-err>
  </testcase>
  <testcase name="LoginTest[api.payloads.LoginData@4ebda7a9](1)" classname="tests.LoginTest" time="6.665">
    <system-out><![CDATA[00:03:54 [TestNG-test-UI Tests-1] INFO  utils.LoggerUtil - Entering Username
00:03:54 [TestNG-test-UI Tests-1] INFO  utils.LoggerUtil - Entering Password
00:03:54 [TestNG-test-UI Tests-1] INFO  utils.LoggerUtil - Clicking Login Button
00:04:00 [TestNG-test-UI Tests-1] INFO  utils.LoggerUtil - Login Test Completed
]]></system-out>
  </testcase>
  <testcase name="getProducts" classname="api.tests.GetProductsTest" time="0.0">
    <skipped message="Schema to use cannot be null"/>
    <system-out><![CDATA[Extent Listener Started
Extent Listener Started
test abc
200
text/html; charset=utf-8
00:04:02 [TestNG-test-API Tests-1] INFO  utils.LoggerUtil - Retrying Test: getProducts Attempt: 1
]]></system-out>
  </testcase>
  <testcase name="getProducts" classname="api.tests.GetProductsTest" time="0.0">
    <skipped message="Schema to use cannot be null"/>
    <system-out><![CDATA[Extent Listener Started
Extent Listener Started
test abc
200
text/html; charset=utf-8
00:04:02 [TestNG-test-API Tests-1] INFO  utils.LoggerUtil - Retrying Test: getProducts Attempt: 2
]]></system-out>
  </testcase>
  <testcase name="getProducts" classname="api.tests.GetProductsTest" time="1.114">
    <failure message="Schema to use cannot be null" type="java.lang.IllegalArgumentException"><![CDATA[java.lang.IllegalArgumentException: Schema to use cannot be null
	at io.restassured.module.jsv.JsonSchemaValidator.validateSchemaIsNotNull(JsonSchemaValidator.java:270)
	at io.restassured.module.jsv.JsonSchemaValidator.access$300(JsonSchemaValidator.java:75)
	at io.restassured.module.jsv.JsonSchemaValidator$JsonSchemaValidatorFactory.create(JsonSchemaValidator.java:281)
	at io.restassured.module.jsv.JsonSchemaValidator.matchesJsonSchema(JsonSchemaValidator.java:166)
	at io.restassured.module.jsv.JsonSchemaValidator.matchesJsonSchemaInClasspath(JsonSchemaValidator.java:117)
	at api.ApiValidator.ApiValidator.validateSchema(ApiValidator.java:115)
	at api.tests.GetProductsTest.getProducts(GetProductsTest.java:31)
	at java.base/jdk.internal.reflect.DirectMethodHandleAccessor.invoke(DirectMethodHandleAccessor.java:104)
	at java.base/java.lang.reflect.Method.invoke(Method.java:565)
	at org.testng.internal.invokers.MethodInvocationHelper.invokeMethod(MethodInvocationHelper.java:141)
	at org.testng.internal.invokers.TestInvoker.invokeMethod(TestInvoker.java:687)
	at org.testng.internal.invokers.TestInvoker.retryFailed(TestInvoker.java:269)
	at org.testng.internal.invokers.MethodRunner.runInSequence(MethodRunner.java:76)
	at org.testng.internal.invokers.TestInvoker$MethodInvocationAgent.invoke(TestInvoker.java:995)
	at org.testng.internal.invokers.TestInvoker.invokeTestMethods(TestInvoker.java:203)
	at org.testng.internal.invokers.TestMethodWorker.invokeTestMethods(TestMethodWorker.java:154)
	at org.testng.internal.invokers.TestMethodWorker.run(TestMethodWorker.java:134)
	at java.base/java.util.concurrent.Executors$RunnableAdapter.call(Executors.java:545)
	at java.base/java.util.concurrent.FutureTask.run(FutureTask.java:328)
	at org.testng.internal.thread.graph.TestNGFutureTask.run(TestNGFutureTask.java:22)
	at java.base/java.util.concurrent.ThreadPoolExecutor.runWorker(ThreadPoolExecutor.java:1090)
	at java.base/java.util.concurrent.ThreadPoolExecutor$Worker.run(ThreadPoolExecutor.java:614)
	at java.base/java.lang.Thread.run(Thread.java:1474)
]]></failure>
    <system-out><![CDATA[Extent Listener Started
Extent Listener Started
test abc
200
text/html; charset=utf-8
]]></system-out>
  </testcase>
</testsuite>