<?xml version="1.0" encoding="UTF-8"?>
<!-- Generated by org.testng.reporters.JUnitReportReporter -->
<testsuite hostname="LAPTOP-91G5TLIB" failures="0" tests="4" name="tests.LoginTest" time="13.258" errors="0" timestamp="2026-06-21T00:04:04 IST" skipped="0">
  <testcase classname="tests.LoginTest" name="LoginTest" time="9.587"/>
  <testcase classname="tests.LoginTest" name="loginTest2" time="0.776"/>
  <testcase classname="tests.LoginTest" name="loginTest1" time="1.357"/>
  <testcase classname="tests.LoginTest" name="loginTest3" time="1.538"/>
</testsuite> <!-- tests.LoginTest -->
